INFO:root:###########1713205818.8234775 EXPERIMENT (1): #################################### 
INFO:root:k: 0,########### Means:  mean_haus: 31.956279776643562, mean_dtw 329.40983705893365 mean_fde 27.887247616512532 (1.0, 1.0, 1.0) corr=-0.13841896204414142,9965.962234719502
INFO:root:k: 1,########### Means:  mean_haus: 31.811690930094645, mean_dtw 340.5568797663997 mean_fde 27.989653278916542 (1.0, 2.0, 1.0) corr=-0.040030415236595306,9887.04927738423
INFO:root:k: 2,########### Means:  mean_haus: 31.781579040241464, mean_dtw 335.42075054267127 mean_fde 28.296050756968395 (1.0, 1.0, 1.0) corr=-0.12266184915428693,9899.437953419867
INFO:root:k: 3,########### Means:  mean_haus: 33.61570891937179, mean_dtw 344.22816143948796 mean_fde 31.587017946616037 (2.0, 3.0, 1.0) corr=-0.10397164034107977,9309.485669027916
INFO:root:k: 4,########### Means:  mean_haus: 31.526652944280464, mean_dtw 321.443101840632 mean_fde 31.756926286660253 (1.0, 2.0, 1.0) corr=-0.06945640225225881,9526.546309006282
INFO:root:1713205824.4600763 END Experiment 0 FINAL: Means: (mean_haus, mean_dtw, mean_fde) 32.13838232212639, 334.2117461296249, 29.503379177134754, Time=5.636598825454712s -0.057121540072083796 15287.533900433897
INFO:root:{'  ': '  ', 'k': 'FINAL', 'min_h': 23.168496164311847, 'max_h': 41.48978742081724, 'mean_haus': 32.13838232212639, 'min_d': 235.25316406788062, 'max_d': 446.11953751608706, 'mean_dtw': 334.2117461296249, 'min_f': 20.498399527538457, 'max_f': 39.194120186158166, 'mean_f': 29.503379177134754}
INFO:root:###########1713205824.4607527 EXPERIMENT (2): #################################### 
INFO:root:k: 0,########### Means:  mean_haus: 31.461732425110235, mean_dtw 324.34941390804056 mean_fde 27.415147258170744 (1.0, 1.0, 1.0) corr=-0.2229327803014737,9789.958003225713
INFO:root:k: 1,########### Means:  mean_haus: 30.586468696116413, mean_dtw 326.0223885793822 mean_fde 26.668284342973113 (1.0, 2.0, 1.0) corr=-0.017965787030308843,9810.385340853632
INFO:root:k: 2,########### Means:  mean_haus: 31.052289174388925, mean_dtw 326.8067250513529 mean_fde 27.600110389735814 (1.0, 1.0, 1.0) corr=-0.11620855811798175,9894.745343280241
INFO:root:k: 3,########### Means:  mean_haus: 32.674451053657, mean_dtw 333.4408394603918 mean_fde 30.543506907751024 (1.0, 2.0, 1.0) corr=-0.09267187788359547,9297.623285315676
INFO:root:k: 4,########### Means:  mean_haus: 30.778142162682595, mean_dtw 313.27501873877566 mean_fde 30.894225525075555 (1.0, 1.0, 1.0) corr=-0.05313693987506731,9199.877379613248
INFO:root:1713205828.9195235 END Experiment 1 FINAL: Means: (mean_haus, mean_dtw, mean_fde) 31.310616702391037, 324.7788771475886, 28.624254884741255, Time=4.458770751953125s -0.042053635719413965 14792.835399203308
INFO:root:{'  ': '  ', 'k': 'FINAL', 'min_h': 23.097837283942845, 'max_h': 40.98684784481554, 'mean_haus': 31.310616702391037, 'min_d': 233.90521883713922, 'max_d': 440.90013044341015, 'mean_dtw': 324.7788771475886, 'min_f': 20.135902042070065, 'max_f': 38.51406103887618, 'mean_f': 28.624254884741255}
INFO:root:###########1713205828.920012 EXPERIMENT (3): #################################### 
INFO:root:k: 0,########### Means:  mean_haus: 31.81426534281253, mean_dtw 327.9957197264564 mean_fde 27.71944157608447 (1.0, 1.0, 1.0) corr=-0.13651906080606396,9910.853265525951
INFO:root:k: 1,########### Means:  mean_haus: 31.33242046675029, mean_dtw 334.6784740018331 mean_fde 27.50107705536851 (1.0, 2.0, 1.0) corr=-0.031052591249120586,9817.178808072178
INFO:root:k: 2,########### Means:  mean_haus: 32.39584910756656, mean_dtw 342.27419439437216 mean_fde 29.02561524614599 (1.0, 1.0, 1.0) corr=-0.09875687035730787,10280.94021554051
INFO:root:k: 3,########### Means:  mean_haus: 32.58294187043414, mean_dtw 332.5638045365133 mean_fde 30.50477701415996 (1.0, 2.0, 1.0) corr=-0.10330597599613306,9198.198993688216
INFO:root:k: 4,########### Means:  mean_haus: 30.78381868483148, mean_dtw 313.7363805222786 mean_fde 30.906788495072483 (1.0, 1.0, 1.0) corr=-0.06941550437959423,9408.71516414957
INFO:root:1713205833.2289915 END Experiment 2 FINAL: Means: (mean_haus, mean_dtw, mean_fde) 31.781859094479, 330.2497146362907, 29.131539877366283, Time=4.308979511260986s -0.03896079107178689 14862.137737007206
INFO:root:{'  ': '  ', 'k': 'FINAL', 'min_h': 22.884973448141004, 'max_h': 42.72618425780231, 'mean_haus': 31.781859094479, 'min_d': 232.5836070409729, 'max_d': 465.50311875626176, 'mean_dtw': 330.2497146362907, 'min_f': 20.256517633580145, 'max_f': 40.710983004994986, 'mean_f': 29.131539877366283}
INFO:root:###########1713205833.2293816 EXPERIMENT (4): #################################### 
INFO:root:k: 0,########### Means:  mean_haus: 30.668689441204627, mean_dtw 315.17980700318634 mean_fde 26.55939060680809 (1.0, 1.0, 1.0) corr=-0.12880898715573902,9390.895759011693
INFO:root:k: 1,########### Means:  mean_haus: 32.1066195033085, mean_dtw 344.18049005699163 mean_fde 28.256522718107146 (1.0, 2.0, 1.0) corr=-0.048179337709201325,9625.65896617982
INFO:root:k: 2,########### Means:  mean_haus: 31.871751038621493, mean_dtw 336.4662694096142 mean_fde 28.41979506879477 (1.0, 1.0, 1.0) corr=-0.10582487266495623,10040.972305962428
INFO:root:k: 3,########### Means:  mean_haus: 33.38899808045326, mean_dtw 341.30836996217806 mean_fde 31.206182959634987 (1.0, 2.0, 1.0) corr=-0.08124334728375182,9416.456625926672
INFO:root:k: 4,########### Means:  mean_haus: 32.09577083208955, mean_dtw 327.6613099156001 mean_fde 32.11309847902718 (1.0, 1.0, 1.0) corr=-0.058371222625249436,9683.31757364951
INFO:root:1713205837.1417544 END Experiment 3 FINAL: Means: (mean_haus, mean_dtw, mean_fde) 32.02636577913549, 332.9592492695141, 29.310997966474435, Time=3.9123728275299072s -0.05644446506693046 15549.611771650834
INFO:root:{'  ': '  ', 'k': 'FINAL', 'min_h': 23.305149032703618, 'max_h': 41.7393392869376, 'mean_haus': 32.02636577913549, 'min_d': 236.88239484976822, 'max_d': 448.74003753033304, 'mean_dtw': 332.9592492695141, 'min_f': 20.405686707363873, 'max_f': 39.393524489429026, 'mean_f': 29.310997966474435}
INFO:root:###########1713205837.1420736 EXPERIMENT (5): #################################### 
INFO:root:k: 0,########### Means:  mean_haus: 32.29752760101819, mean_dtw 333.4363185885497 mean_fde 28.218735863784282 (1.0, 1.0, 1.0) corr=-0.14572513408960175,9918.137118516954
INFO:root:k: 1,########### Means:  mean_haus: 32.03692973416908, mean_dtw 343.27690188382724 mean_fde 28.173958787393055 (1.0, 2.0, 1.0) corr=-0.050453683217372466,9780.86621203533
INFO:root:k: 2,########### Means:  mean_haus: 32.81540581690029, mean_dtw 346.8871850634572 mean_fde 29.418862172497445 (1.0, 1.0, 1.0) corr=-0.08816167077656456,10526.344344003852
INFO:root:k: 3,########### Means:  mean_haus: 33.167371008806285, mean_dtw 338.78126048307416 mean_fde 31.05222662904614 (1.0, 2.0, 1.0) corr=-0.10205087730066839,9418.521439745526
INFO:root:k: 4,########### Means:  mean_haus: 32.28132889278818, mean_dtw 330.0121265276279 mean_fde 32.42829229774723 (1.0, 1.0, 1.0) corr=-0.03623869800354444,9661.261942147092
INFO:root:1713205842.0816035 END Experiment 4 FINAL: Means: (mean_haus, mean_dtw, mean_fde) 32.519712610736406, 338.4787585093072, 29.858415150093627, Time=4.939529895782471s -0.03950003347021482 15487.567077707217
INFO:root:{'  ': '  ', 'k': 'FINAL', 'min_h': 22.606343296732664, 'max_h': 41.07816175198306, 'mean_haus': 32.519712610736406, 'min_d': 229.14705194923067, 'max_d': 439.09454398566686, 'mean_dtw': 338.4787585093072, 'min_f': 20.226395048417068, 'max_f': 38.51994388638171, 'mean_f': 29.858415150093627}
INFO:root:REPORT STATS ALL EXP AVERAGES: Means: (mean_haus, mean_dtw, mean_fde) 31.955387301773662, 332.13566913846506, 29.285717411162068, (1.04, 1.48, 1.0) full-corr=-0.04681609308008599,15195.937177200492 corr=-0.09046252183406635,9706.375581200065 Time=9.30250072479248s
