INFO:root:###########1713234282.3210578 EXPERIMENT (1): #################################### 
INFO:root:k: 0,########### Means:  mean_haus: 37.27605716058966, mean_dtw 337.7759872008712 mean_fde 48.984474220150545 (5.0, 1.0, 1.0) corr=0.04037443377124456,5333.441067367927
INFO:root:k: 1,########### Means:  mean_haus: 19.022099094974802, mean_dtw 112.3132622949507 mean_fde 19.458965054025192 (3.0, 1.0, 2.0) corr=0.07248385315577711,3954.194082391695
INFO:root:k: 2,########### Means:  mean_haus: 36.57079268156516, mean_dtw 322.85564471932497 mean_fde 49.76219686593713 (2.0, 3.0, 1.0) corr=0.49162458050372576,4594.759011155829
INFO:root:k: 3,########### Means:  mean_haus: 17.39536573103665, mean_dtw 112.44638084158183 mean_fde 18.00776023922583 (3.0, 1.0, 2.0) corr=-0.11408571079981847,4071.7254575938546
INFO:root:k: 4,########### Means:  mean_haus: 20.134474753086526, mean_dtw 130.43510664119708 mean_fde 20.927523355572635 (2.0, 1.0, 1.0) corr=-0.013485252986470044,4520.546188594415
INFO:root:1713234286.315348 END Experiment 0 FINAL: Means: (mean_haus, mean_dtw, mean_fde) 26.07975788425056, 203.16527633958515, 31.428183946982266, Time=3.9942901134490967s -0.09392946256506837 7420.370861799644
INFO:root:{'  ': '  ', 'k': 'FINAL', 'min_h': 18.2907837318804, 'max_h': 36.18827739221456, 'mean_haus': 26.07975788425056, 'min_d': 139.96868394316684, 'max_d': 277.3520466448615, 'mean_dtw': 203.16527633958515, 'min_f': 19.47271068087314, 'max_f': 45.13669314389773, 'mean_f': 31.428183946982266}
INFO:root:###########1713234286.3156693 EXPERIMENT (2): #################################### 
INFO:root:k: 0,########### Means:  mean_haus: 37.66881471097181, mean_dtw 335.5977727144018 mean_fde 49.02647880672069 (5.0, 1.0, 1.0) corr=0.04050624171696341,5336.423487290292
INFO:root:k: 1,########### Means:  mean_haus: 17.39235611342019, mean_dtw 103.82157254219884 mean_fde 18.011319719392233 (4.0, 1.0, 2.0) corr=0.07577179339395478,3940.9498153055783
INFO:root:k: 2,########### Means:  mean_haus: 36.66270708181222, mean_dtw 329.2078635220039 mean_fde 50.68273831697911 (2.0, 3.0, 2.0) corr=0.392946111711159,4592.506502234324
INFO:root:k: 3,########### Means:  mean_haus: 17.906651478257547, mean_dtw 110.94973624872348 mean_fde 18.530356838612324 (3.0, 1.0, 2.0) corr=-0.09979458737516256,4046.5452026927924
INFO:root:k: 4,########### Means:  mean_haus: 18.165437144231337, mean_dtw 124.44270400279473 mean_fde 19.09221267828401 (2.0, 1.0, 2.0) corr=-0.02664605874326026,4518.4399855552665
INFO:root:1713234289.1804616 END Experiment 1 FINAL: Means: (mean_haus, mean_dtw, mean_fde) 25.55919330573862, 200.80392980602454, 31.06862127199767, Time=2.8647923469543457s -0.09353846341920453 7564.755650325128
INFO:root:{'  ': '  ', 'k': 'FINAL', 'min_h': 18.369723032834138, 'max_h': 35.3779495163709, 'mean_haus': 25.55919330573862, 'min_d': 142.12240911260454, 'max_d': 274.69631695547264, 'mean_dtw': 200.80392980602454, 'min_f': 19.8715827137921, 'max_f': 43.53034138300943, 'mean_f': 31.06862127199767}
INFO:root:###########1713234289.1806023 EXPERIMENT (3): #################################### 
INFO:root:k: 0,########### Means:  mean_haus: 37.46909570656207, mean_dtw 338.2022986478167 mean_fde 49.546206272360074 (5.0, 1.0, 1.0) corr=0.04160521716007736,5356.635959653878
INFO:root:k: 1,########### Means:  mean_haus: 18.030741558484753, mean_dtw 108.86728166433706 mean_fde 18.669664440116684 (4.0, 1.0, 2.0) corr=0.08721157882187151,3951.635488426159
INFO:root:k: 2,########### Means:  mean_haus: 36.29843907072223, mean_dtw 325.64595433981685 mean_fde 49.76343088050624 (2.0, 3.0, 2.0) corr=0.3885440575594955,4583.636777901846
INFO:root:k: 3,########### Means:  mean_haus: 17.317650058922258, mean_dtw 111.55255687007937 mean_fde 17.99649972114345 (3.0, 1.0, 2.0) corr=-0.09830411846669333,4086.445852746637
INFO:root:k: 4,########### Means:  mean_haus: 19.863525117000993, mean_dtw 132.05999428248094 mean_fde 20.761741845403865 (2.0, 1.0, 2.0) corr=-0.12751873182361786,4526.095774385514
INFO:root:1713234292.0849657 END Experiment 2 FINAL: Means: (mean_haus, mean_dtw, mean_fde) 25.79589030233846, 203.26561716090617, 31.34750863190606, Time=2.9043633937835693s -0.0945343051897893 7469.80226899313
INFO:root:{'  ': '  ', 'k': 'FINAL', 'min_h': 18.886493159001713, 'max_h': 34.07930087934373, 'mean_haus': 25.79589030233846, 'min_d': 147.99392448438493, 'max_d': 269.89279195264464, 'mean_dtw': 203.26561716090617, 'min_f': 21.00355235165973, 'max_f': 43.23936398776807, 'mean_f': 31.34750863190606}
INFO:root:###########1713234292.085113 EXPERIMENT (4): #################################### 
INFO:root:k: 0,########### Means:  mean_haus: 37.78706571329757, mean_dtw 344.78557238460724 mean_fde 50.86855613304622 (5.0, 1.0, 1.0) corr=0.03694714116155532,5344.604084204618
INFO:root:k: 1,########### Means:  mean_haus: 17.54868963987015, mean_dtw 105.79748188016983 mean_fde 18.266781794196167 (4.0, 2.0, 2.0) corr=0.10569441231058371,3940.4877277792357
INFO:root:k: 2,########### Means:  mean_haus: 36.25344016263455, mean_dtw 315.1330012597407 mean_fde 48.65625958320133 (3.0, 3.0, 2.0) corr=0.49955201618797196,4581.776615781126
INFO:root:k: 3,########### Means:  mean_haus: 17.233530928888438, mean_dtw 107.75788262208792 mean_fde 17.905427598669437 (3.0, 1.0, 2.0) corr=-0.10065644097216833,4062.2496862419002
INFO:root:k: 4,########### Means:  mean_haus: 18.72106569868415, mean_dtw 128.77197314606047 mean_fde 19.751470086798804 (2.0, 1.0, 2.0) corr=-0.009454044974007833,4518.475830056139
INFO:root:1713234294.9718688 END Experiment 3 FINAL: Means: (mean_haus, mean_dtw, mean_fde) 25.508758428674973, 200.4491822585332, 31.089699039182392, Time=2.8867557048797607s -0.08001144750803718 7466.682685529291
INFO:root:{'  ': '  ', 'k': 'FINAL', 'min_h': 17.301081802202653, 'max_h': 36.58522216207821, 'mean_haus': 25.508758428674973, 'min_d': 132.76445801499398, 'max_d': 281.46982608302926, 'mean_dtw': 200.4491822585332, 'min_f': 18.519730792962374, 'max_f': 45.65512781576536, 'mean_f': 31.089699039182392}
INFO:root:###########1713234294.972004 EXPERIMENT (5): #################################### 
INFO:root:k: 0,########### Means:  mean_haus: 37.23780306650811, mean_dtw 337.244519818092 mean_fde 49.326131494638574 (7.0, 1.0, 1.0) corr=0.04080422318214033,5337.359434271958
INFO:root:k: 1,########### Means:  mean_haus: 17.711837660512067, mean_dtw 107.89750764355126 mean_fde 18.221964298419792 (4.0, 1.0, 2.0) corr=0.09720087052558794,3945.1999400932373
INFO:root:k: 2,########### Means:  mean_haus: 36.54069968634891, mean_dtw 323.77742330550734 mean_fde 50.16914865023703 (2.0, 3.0, 2.0) corr=0.49301659397771375,4578.700522082889
INFO:root:k: 3,########### Means:  mean_haus: 17.701162252396884, mean_dtw 114.18456152755567 mean_fde 18.299420772445572 (3.0, 1.0, 2.0) corr=-0.10302704326828922,4078.987324443422
INFO:root:k: 4,########### Means:  mean_haus: 19.93407513108766, mean_dtw 133.71029989799052 mean_fde 20.983861624840966 (2.0, 1.0, 2.0) corr=-0.0004281321414790498,4517.431636503617
INFO:root:1713234297.8548076 END Experiment 4 FINAL: Means: (mean_haus, mean_dtw, mean_fde) 25.825115559370726, 203.36286243853937, 31.400105368116378, Time=2.8828036785125732s -0.09843794196857406 7516.340331373263
INFO:root:{'  ': '  ', 'k': 'FINAL', 'min_h': 16.90037136055482, 'max_h': 35.65860340869976, 'mean_haus': 25.825115559370726, 'min_d': 134.73826544653312, 'max_d': 273.8716492746543, 'mean_dtw': 203.36286243853937, 'min_f': 19.272516327247182, 'max_f': 44.81020299974229, 'mean_f': 31.400105368116378}
INFO:root:REPORT STATS ALL EXP AVERAGES: Means: (mean_haus, mean_dtw, mean_fde) 25.75374309607467, 202.2093736007177, 31.26682365163695, (3.2800000000000002, 1.44, 1.72) full-corr=-0.0920903241301347,7487.590359604091 corr=0.0884353201435542,4492.770138190166 Time=6.213202095031738s
